2017-04-06 00:23:34 [INFO] com.evanxie.donut.web.commons.StartWeb.main(StartWeb.java:23) main: starting application in port:80
  2017-04-06 00:23:35 [INFO] org.eclipse.jetty.util.log.Log.initialized(Log.java:186) main: Logging initialized @185ms
  2017-04-06 00:23:35 [INFO] org.eclipse.jetty.server.Server.doStart(Server.java:327) main: jetty-9.2.7.v20150116
  2017-04-06 00:23:35 [INFO] org.eclipse.jetty.webapp.StandardDescriptorProcessor.visitServlet(StandardDescriptorProcessor.java:297) main: NO JSP Support for /, did not find org.eclipse.jetty.jsp.JettyJspServlet
  2017-04-06 00:23:35 [INFO] org.eclipse.jetty.server.handler.ContextHandler.doStart(ContextHandler.java:744) main: Started o.e.j.w.WebAppContext@465c16{/,file:/D:/Users/Ethan/EclipseWorkspace/donut/web/src/main/webapp/,AVAILABLE}{src/main/webapp}
  2017-04-06 00:23:35 [INFO] org.eclipse.jetty.server.AbstractConnector.doStart(AbstractConnector.java:266) main: Started ServerConnector@22f1b6e0{HTTP/1.1}{0.0.0.0:80}
  2017-04-06 00:23:35 [INFO] org.eclipse.jetty.server.Server.doStart(Server.java:379) main: Started @407ms
  2017-04-06 00:23:35 [INFO] com.evanxie.donut.web.commons.EmbeddedServer.start(EmbeddedServer.java:86) main: ********************************************************
  2017-04-06 00:23:35 [INFO] com.evanxie.donut.web.commons.EmbeddedServer.start(EmbeddedServer.java:87) main: The Dodut Has Started !!!
  2017-04-06 00:24:20 [INFO] com.evanxie.donut.web.commons.StartWeb.main(StartWeb.java:23) main: starting application in port:80
  2017-04-06 00:24:20 [INFO] org.eclipse.jetty.util.log.Log.initialized(Log.java:186) main: Logging initialized @179ms
  2017-04-06 00:24:20 [INFO] org.eclipse.jetty.server.Server.doStart(Server.java:327) main: jetty-9.2.7.v20150116
  2017-04-06 00:24:20 [INFO] org.eclipse.jetty.webapp.StandardDescriptorProcessor.visitServlet(StandardDescriptorProcessor.java:297) main: NO JSP Support for /, did not find org.eclipse.jetty.jsp.JettyJspServlet
  2017-04-06 00:24:20 [INFO] org.eclipse.jetty.server.handler.ContextHandler.doStart(ContextHandler.java:744) main: Started o.e.j.w.WebAppContext@b47a87e{/,file:/D:/Users/Ethan/EclipseWorkspace/donut/web/src/main/webapp/,AVAILABLE}{src/main/webapp}
  2017-04-06 00:24:20 [INFO] org.eclipse.jetty.server.AbstractConnector.doStart(AbstractConnector.java:266) main: Started ServerConnector@cd49bf1{HTTP/1.1}{0.0.0.0:80}
  2017-04-06 00:24:20 [INFO] org.eclipse.jetty.server.Server.doStart(Server.java:379) main: Started @469ms
  2017-04-06 00:24:20 [INFO] com.evanxie.donut.web.commons.EmbeddedServer.start(EmbeddedServer.java:86) main: ********************************************************
  2017-04-06 00:24:20 [INFO] com.evanxie.donut.web.commons.EmbeddedServer.start(EmbeddedServer.java:87) main: The Dodut Has Started !!!
  2017-04-06 00:25:12 [INFO] com.evanxie.donut.web.commons.StartWeb.main(StartWeb.java:23) main: starting application in port:80
  2017-04-06 00:25:12 [INFO] org.eclipse.jetty.util.log.Log.initialized(Log.java:186) main: Logging initialized @160ms
  2017-04-06 00:25:12 [INFO] org.eclipse.jetty.server.Server.doStart(Server.java:327) main: jetty-9.2.7.v20150116
  2017-04-06 00:25:12 [INFO] org.eclipse.jetty.webapp.StandardDescriptorProcessor.visitServlet(StandardDescriptorProcessor.java:297) main: NO JSP Support for /, did not find org.eclipse.jetty.jsp.JettyJspServlet
  2017-04-06 00:25:12 [INFO] org.eclipse.jetty.server.handler.ContextHandler.doStart(ContextHandler.java:744) main: Started o.e.j.w.WebAppContext@b47a87e{/,file:/D:/Users/Ethan/EclipseWorkspace/donut/web/src/main/webapp/,AVAILABLE}{src/main/webapp}
  2017-04-06 00:25:12 [INFO] org.eclipse.jetty.server.AbstractConnector.doStart(AbstractConnector.java:266) main: Started ServerConnector@cd49bf1{HTTP/1.1}{0.0.0.0:80}
  2017-04-06 00:25:12 [INFO] org.eclipse.jetty.server.Server.doStart(Server.java:379) main: Started @386ms
  2017-04-06 00:25:12 [INFO] com.evanxie.donut.web.commons.EmbeddedServer.start(EmbeddedServer.java:86) main: ********************************************************
  2017-04-06 00:25:12 [INFO] com.evanxie.donut.web.commons.EmbeddedServer.start(EmbeddedServer.java:87) main: The Dodut Has Started !!!
  